d:\users\ayman\desktop\lacpp\project\lacpp\x64\debug\vc143.pdb
d:\users\ayman\desktop\lacpp\project\lacpp\x64\debug\vc143.idb
d:\users\ayman\desktop\lacpp\project\lacpp\x64\debug\tilemap.obj
d:\users\ayman\desktop\lacpp\project\lacpp\x64\debug\link.obj
d:\users\ayman\desktop\lacpp\project\lacpp\x64\debug\inventory.obj
d:\users\ayman\desktop\lacpp\project\lacpp\x64\debug\resource.obj
d:\users\ayman\desktop\lacpp\project\lacpp\x64\debug\engine.obj
d:\users\ayman\desktop\lacpp\project\lacpp\x64\debug\dialogue.obj
d:\users\ayman\desktop\lacpp\project\lacpp\x64\debug\camera.obj
d:\users\ayman\desktop\lacpp\project\lacpp\x64\debug\worldmap.obj
d:\users\ayman\desktop\lacpp\project\lacpp\x64\debug\window.obj
d:\users\ayman\desktop\lacpp\project\lacpp\x64\debug\main.obj
d:\users\ayman\desktop\lacpp\project\lacpp\x64\debug\keyboard.obj
d:\users\ayman\desktop\lacpp\project\lacpp\x64\debug\tilemapmanager.obj
d:\users\ayman\desktop\lacpp\project\lacpp\x64\debug\sprite.obj
d:\users\ayman\desktop\lacpp\project\lacpp\x64\debug\roommanager.obj
d:\users\ayman\desktop\lacpp\project\lacpp\x64\debug\roomlinkmanager.obj
d:\users\ayman\desktop\lacpp\project\lacpp\x64\debug\resourcemanager.obj
d:\users\ayman\desktop\lacpp\project\lacpp\x64\debug\renderer.obj
d:\users\ayman\desktop\lacpp\project\lacpp\x64\debug\datamanager.obj
d:\users\ayman\desktop\lacpp\project\lacpp\x64\debug\lacpp.ilk
d:\users\ayman\desktop\lacpp\project\lacpp\x64\debug\lacpp.exe
d:\users\ayman\desktop\lacpp\project\lacpp\x64\debug\lacpp.pdb
d:\users\ayman\desktop\lacpp\project\lacpp\x64\debug\lacpp.tlog\cl.command.1.tlog
d:\users\ayman\desktop\lacpp\project\lacpp\x64\debug\lacpp.tlog\cl.items.tlog
d:\users\ayman\desktop\lacpp\project\lacpp\x64\debug\lacpp.tlog\cl.read.1.tlog
d:\users\ayman\desktop\lacpp\project\lacpp\x64\debug\lacpp.tlog\cl.write.1.tlog
d:\users\ayman\desktop\lacpp\project\lacpp\x64\debug\lacpp.tlog\link.command.1.tlog
d:\users\ayman\desktop\lacpp\project\lacpp\x64\debug\lacpp.tlog\link.read.1.tlog
d:\users\ayman\desktop\lacpp\project\lacpp\x64\debug\lacpp.tlog\link.write.1.tlog
