d:\users\ayman\desktop\lacpp\lacpp\debug\vc142.pdb
d:\users\ayman\desktop\lacpp\lacpp\debug\vc142.idb
d:\users\ayman\desktop\lacpp\lacpp\debug\window.nativecodeanalysis.sarif
d:\users\ayman\desktop\lacpp\lacpp\debug\window.nativecodeanalysis.xml
d:\users\ayman\desktop\lacpp\lacpp\debug\resource.nativecodeanalysis.sarif
d:\users\ayman\desktop\lacpp\lacpp\debug\resource.nativecodeanalysis.xml
d:\users\ayman\desktop\lacpp\lacpp\debug\main.nativecodeanalysis.sarif
d:\users\ayman\desktop\lacpp\lacpp\debug\main.nativecodeanalysis.xml
d:\users\ayman\desktop\lacpp\lacpp\debug\camera.nativecodeanalysis.sarif
d:\users\ayman\desktop\lacpp\lacpp\debug\camera.nativecodeanalysis.xml
d:\users\ayman\desktop\lacpp\lacpp\debug\camera.obj
d:\users\ayman\desktop\lacpp\lacpp\debug\main.obj
d:\users\ayman\desktop\lacpp\lacpp\debug\resource.obj
d:\users\ayman\desktop\lacpp\lacpp\debug\window.obj
d:\users\ayman\desktop\lacpp\lacpp\debug\lacpp.ilk
d:\users\ayman\desktop\lacpp\lacpp\debug\lacpp.exe
d:\users\ayman\desktop\lacpp\lacpp\debug\lacpp.pdb
d:\users\ayman\desktop\lacpp\lacpp\debug\nativecodeanalysis.read.1.tlog
d:\users\ayman\desktop\lacpp\lacpp\debug\vc.nativecodeanalysis.all.xml
d:\users\ayman\desktop\lacpp\lacpp\debug\lacpp.exe.lastcodeanalysissucceeded
d:\users\ayman\desktop\lacpp\lacpp\debug\lacpp.tlog\cl.command.1.tlog
d:\users\ayman\desktop\lacpp\lacpp\debug\lacpp.tlog\cl.read.1.tlog
d:\users\ayman\desktop\lacpp\lacpp\debug\lacpp.tlog\cl.write.1.tlog
d:\users\ayman\desktop\lacpp\lacpp\debug\lacpp.tlog\link.command.1.tlog
d:\users\ayman\desktop\lacpp\lacpp\debug\lacpp.tlog\link.read.1.tlog
d:\users\ayman\desktop\lacpp\lacpp\debug\lacpp.tlog\link.write.1.tlog
